   Compiling libpulse-sys v1.23.0
   Compiling libpulse-binding v2.30.1
   Compiling bar v0.1.0 (/home/max/Repos/rust/bar)
warning: unused variable: `monitor`
  --> src/display_panel.rs:96:5
   |
96 |     monitor: Arc<str>, // TODO: Use for monitor-dependent elements
   |     ^^^^^^^ help: if this is intentional, prefix it with an underscore: `_monitor`
   |
   = note: `#[warn(unused_variables)]` (part of `#[warn(unused)]`) on by default

warning: unused variable: `size`
  --> src/tui/render.rs:65:16
   |
65 |         let Ok(size) = self
   |                ^^^^ help: if this is intentional, prefix it with an underscore: `_size`

warning: unused variable: `ctx`
   --> src/tui/render.rs:183:9
    |
183 |         ctx: &mut RenderCtx<impl Write>,
    |         ^^^ help: if this is intentional, prefix it with an underscore: `_ctx`

warning: unused variable: `sizing`
   --> src/tui/render.rs:184:9
    |
184 |         sizing: SizingContext,
    |         ^^^^^^ help: if this is intentional, prefix it with an underscore: `_sizing`

warning: unused variable: `area`
   --> src/tui/render.rs:185:9
    |
185 |         area: Area,
    |         ^^^^ help: if this is intentional, prefix it with an underscore: `_area`

